info it worked if it ends with ok
verbose cli [ 'node', '/usr/bin/npm', 'install', 'ember-precompile' ]
info using npm@1.1.4
info using node@v0.6.12
verbose config file /home/kpl/.npmrc
verbose config file /usr/etc/npmrc
verbose config file /usr/share/npm/npmrc
verbose cache add [ 'ember-precompile', null ]
silly cache add: name, spec, args [ undefined, 'ember-precompile', [ 'ember-precompile', null ] ]
verbose parsed url { pathname: 'ember-precompile',
verbose parsed url   path: 'ember-precompile',
verbose parsed url   href: 'ember-precompile' }
verbose addNamed [ 'ember-precompile', '' ]
verbose addNamed [ null, '' ]
silly name, range, hasData [ 'ember-precompile', '', false ]
verbose raw, before any munging ember-precompile
verbose url resolving [ 'https://registry.npmjs.org/', './ember-precompile' ]
verbose url resolved https://registry.npmjs.org/ember-precompile
http GET https://registry.npmjs.org/ember-precompile
http 200 https://registry.npmjs.org/ember-precompile
silly get cb [ 200,
silly get cb   { vary: 'Accept',
silly get cb     server: 'CouchDB/1.3.1 (Erlang OTP/R15B03)',
silly get cb     etag: '"8QSVLY76YI9MIBFMPRHY8LMSE"',
silly get cb     date: 'Thu, 19 Sep 2013 20:15:26 GMT',
silly get cb     'content-type': 'application/json',
silly get cb     'content-length': '4154' } ]
verbose mkdir (expected) error ENOENT, no such file or directory '/home/kpl/.npm'
verbose mkdir (expected) error ENOENT, no such file or directory '/home/kpl/.npm/ember-precompile'
verbose mkdir done: /home/kpl/.npm/ember-precompile 755
silly name, range, hasData 2 [ 'ember-precompile', '', true ]
silly versions [ 'ember-precompile', [ '0.1.3', '0.2.2' ] ]
verbose bin dist [ '0.6-ares1.7.5-evundefined-openssl1.0.1-v83.7.12.22-linux-x64-3.2.0-37-generic',
verbose bin dist   { shasum: '1e222927b7a226a548ffb61fba515b23fa58eaac',
verbose bin dist     tarball: 'http://registry.npmjs.org/ember-precompile/-/ember-precompile-0.2.2.tgz' } ]
verbose addRemoteTarball [ 'https://registry.npmjs.org/ember-precompile/-/ember-precompile-0.2.2.tgz',
verbose addRemoteTarball   '1e222927b7a226a548ffb61fba515b23fa58eaac' ]
verbose mkdir (expected) error ENOENT, no such file or directory '/tmp/npm-1379621727509'
verbose mkdir (expected) error ENOENT, no such file or directory '/tmp/npm-1379621727509/1379621727509-0.5847895501647145'
verbose mkdir done: /tmp/npm-1379621727509/1379621727509-0.5847895501647145 755
verbose fetch to /tmp/npm-1379621727509/1379621727509-0.5847895501647145/tmp.tgz
http GET https://registry.npmjs.org/ember-precompile/-/ember-precompile-0.2.2.tgz
http 200 https://registry.npmjs.org/ember-precompile/-/ember-precompile-0.2.2.tgz
silly updated sha bytes 40960
silly updated sha bytes 40960
silly updated sha bytes 40960
silly updated sha bytes 40960
silly updated sha bytes 40960
silly updated sha bytes 40960
silly updated sha bytes 40960
silly updated sha bytes 40960
silly updated sha bytes 40960
silly updated sha bytes 38753
info shasum 1e222927b7a226a548ffb61fba515b23fa58eaac
info shasum /tmp/npm-1379621727509/1379621727509-0.5847895501647145/tmp.tgz
